<?xml version="1.0" encoding="UTF-8" ?>
<testsuite failures="0" time="0.35" errors="0" skipped="0" tests="6" name="basketball.stats.processor.TimeChunkProcessorTest">
  <properties>
[...]
</properties>
  <testcase time="0.057" classname="basketball.stats.processor.TimeChunkProcessorTest" name="processTimeDivisions_FullGame"/>
  <testcase time="0.05" classname="basketball.stats.processor.TimeChunkProcessorTest" name="processTimeDivisions_PerQuarter"/>
  <testcase time="0.079" classname="basketball.stats.processor.TimeChunkProcessorTest" name="gameGroupings_ByQuarterAcrossGames"/>
  <testcase time="0.1" classname="basketball.stats.processor.TimeChunkProcessorTest" name="gameGroupings_ByQuarterPerGame"/>
  <testcase time="0.034" classname="basketball.stats.processor.TimeChunkProcessorTest" name="gameGroupings_FullGamePerGame"/>
  <testcase time="0.028" classname="basketball.stats.processor.TimeChunkProcessorTest" name="gameGroupings_FullGameAcrossGames"/>
</testsuite>