<?xml version="1.0" encoding="UTF-8" ?>
<testsuite failures="0" time="0.098" errors="0" skipped="0" tests="84" name="basketball.stats.application.BasketballTimeTest">
  <properties>
[...]
</properties>
  <testcase time="0.002" classname="basketball.stats.application.BasketballTimeTest" name="setTime_FirstSecondIntoFourth"/>
  <testcase time="0" classname="basketball.stats.application.BasketballTimeTest" name="setTime_FirstSecondIntoSecond"/>
  <testcase time="0" classname="basketball.stats.application.BasketballTimeTest" name="setTime_FirstSecondIntoOvertime"/>
  <testcase time="0" classname="basketball.stats.application.BasketballTimeTest" name="setTime_FirstSecondIntoDoubleOvertime"/>
  <testcase time="0" classname="basketball.stats.application.BasketballTimeTest" name="setTime_FirstMinuteIntoSecond"/>
  <testcase time="0" classname="basketball.stats.application.BasketballTimeTest" name="setTime_FirstMinuteIntoFourth"/>
  <testcase time="0" classname="basketball.stats.application.BasketballTimeTest" name="setTime_FirstMinuteIntoOvertime"/>
  <testcase time="0" classname="basketball.stats.application.BasketballTimeTest" name="setTime_FirstMinuteIntoDoubleOvertime"/>
  <testcase time="0" classname="basketball.stats.application.BasketballTimeTest" name="setTime_FirstMinuteFirstSecondIntoFirst"/>
  <testcase time="0" classname="basketball.stats.application.BasketballTimeTest" name="setTime_FirstMinuteFirstSecondIntoSecond"/>
  <testcase time="0" classname="basketball.stats.application.BasketballTimeTest" name="setTime_FirstMinuteFirstSecondIntoThird"/>
  <testcase time="0" classname="basketball.stats.application.BasketballTimeTest" name="setTime_FirstMinuteFirstSecondIntoFourth"/>
  <testcase time="0" classname="basketball.stats.application.BasketballTimeTest" name="setTime_FirstMinuteFirstSecondIntoOvertime"/>
  <testcase time="0" classname="basketball.stats.application.BasketballTimeTest" name="setTime_SixtyOneSecondsRemainingInFirst"/>
  <testcase time="0" classname="basketball.stats.application.BasketballTimeTest" name="setTime_SixtyOneSecondsRemainingInSecond"/>
  <testcase time="0" classname="basketball.stats.application.BasketballTimeTest" name="setTime_SixtyOneSecondsRemainingInThird"/>
  <testcase time="0" classname="basketball.stats.application.BasketballTimeTest" name="setTime_SixtyOneSecondsRemainingInFourth"/>
  <testcase time="0" classname="basketball.stats.application.BasketballTimeTest" name="setTime_SixtyOneSecondsRemainingInOvertime"/>
  <testcase time="0" classname="basketball.stats.application.BasketballTimeTest" name="setTime_LastMinuteInDoubleOvertime"/>
  <testcase time="0" classname="basketball.stats.application.BasketballTimeTest" name="setTime_FiftyNineSecondsRemainingInFirst"/>
  <testcase time="0" classname="basketball.stats.application.BasketballTimeTest" name="setTime_FiftyNineSecondsRemainingInSecond"/>
  <testcase time="0" classname="basketball.stats.application.BasketballTimeTest" name="setTime_FiftyNineSecondsRemainingInThird"/>
  <testcase time="0" classname="basketball.stats.application.BasketballTimeTest" name="setTime_FiftyNineSecondsRemainingInFourth"/>
  <testcase time="0" classname="basketball.stats.application.BasketballTimeTest" name="setTime_FiftyNineSecondsRemainingInOvertime"/>
  <testcase time="0.001" classname="basketball.stats.application.BasketballTimeTest" name="decrement_StartDoubleOvertime"/>
  <testcase time="0" classname="basketball.stats.application.BasketballTimeTest" name="decrement_FiftyNineSecondsInFirst"/>
  <testcase time="0" classname="basketball.stats.application.BasketballTimeTest" name="decrement_FiftyNineSecondsInSecond"/>
  <testcase time="0.001" classname="basketball.stats.application.BasketballTimeTest" name="decrement_FiftyNineSecondsInThird"/>
  <testcase time="0" classname="basketball.stats.application.BasketballTimeTest" name="decrement_FiftyNineSecondsInFourth"/>
  <testcase time="0" classname="basketball.stats.application.BasketballTimeTest" name="decrement_FiftyNineSecondsInOvertime"/>
  <testcase time="0" classname="basketball.stats.application.BasketballTimeTest" name="decrement_FiftyNineSecondsInDoubleOvertime"/>
  <testcase time="0.001" classname="basketball.stats.application.BasketballTimeTest" name="decrement_OneMinuteInOvertime"/>
  <testcase time="0" classname="basketball.stats.application.BasketballTimeTest" name="decrement_OneMinuteInDoubleOvertime"/>
  <testcase time="0" classname="basketball.stats.application.BasketballTimeTest" name="decrement_SixtyOneSecondsInFirst"/>
  <testcase time="0" classname="basketball.stats.application.BasketballTimeTest" name="decrement_SixtyOneSecondsInSecond"/>
  <testcase time="0.001" classname="basketball.stats.application.BasketballTimeTest" name="decrement_SixtyOneSecondsInThird"/>
  <testcase time="0" classname="basketball.stats.application.BasketballTimeTest" name="decrement_SixtyOneSecondsInFourth"/>
  <testcase time="0" classname="basketball.stats.application.BasketballTimeTest" name="decrement_SixtyOneSecondsInOvertime"/>
  <testcase time="0" classname="basketball.stats.application.BasketballTimeTest" name="decrement_SixtyOneSecondsInDoubleOvertime"/>
  <testcase time="0.001" classname="basketball.stats.application.BasketballTimeTest" name="decrement_SixtyOneSecondsLeftInFirst"/>
  <testcase time="0" classname="basketball.stats.application.BasketballTimeTest" name="decrement_SixtyOneSecondsLeftInSecond"/>
  <testcase time="0" classname="basketball.stats.application.BasketballTimeTest" name="decrement_SixtyOneSecondsLeftInThird"/>
  <testcase time="0" classname="basketball.stats.application.BasketballTimeTest" name="decrement_SixtyOneSecondsLeftInFourth"/>
  <testcase time="0.001" classname="basketball.stats.application.BasketballTimeTest" name="decrement_SixtyOneSecondsLeftInOvertime"/>
  <testcase time="0" classname="basketball.stats.application.BasketballTimeTest" name="decrement_SixtySecondsLeftInFirst"/>
  <testcase time="0" classname="basketball.stats.application.BasketballTimeTest" name="decrement_SixtySecondsLeftInSecond"/>
  <testcase time="0" classname="basketball.stats.application.BasketballTimeTest" name="decrement_SixtySecondsLeftInThird"/>
  <testcase time="0" classname="basketball.stats.application.BasketballTimeTest" name="decrement_SixtySecondsLeftInFourth"/>
  <testcase time="0" classname="basketball.stats.application.BasketballTimeTest" name="decrement_SixtySecondsLeftInOvertime"/>
  <testcase time="0" classname="basketball.stats.application.BasketballTimeTest" name="decrement_SixtySecondsLeftInDoubleOvertime"/>
  <testcase time="0" classname="basketball.stats.application.BasketballTimeTest" name="decrement_OneSecondInOvertime"/>
  <testcase time="0" classname="basketball.stats.application.BasketballTimeTest" name="decrement_OneSecondInDoubleOvertime"/>
  <testcase time="0" classname="basketball.stats.application.BasketballTimeTest" name="setTime_FirstMinuteFirstSecondIntoDoubleOvertime"/>
  <testcase time="0" classname="basketball.stats.application.BasketballTimeTest" name="setTime_SixtyOneSecondsRemainingInDoubleOvertime"/>
  <testcase time="0" classname="basketball.stats.application.BasketballTimeTest" name="setTime_FiftyNineSecondsRemainingInDoubleOvertime"/>
  <testcase time="0" classname="basketball.stats.application.BasketballTimeTest" name="decrement_SixtyOneSecondsLeftInDoubleOvertime"/>
  <testcase time="0" classname="basketball.stats.application.BasketballTimeTest" name="setTime_StartFirst"/>
  <testcase time="0" classname="basketball.stats.application.BasketballTimeTest" name="setTime_StartSecond"/>
  <testcase time="0" classname="basketball.stats.application.BasketballTimeTest" name="setTime_StartThird"/>
  <testcase time="0" classname="basketball.stats.application.BasketballTimeTest" name="setTime_StartFourth"/>
  <testcase time="0" classname="basketball.stats.application.BasketballTimeTest" name="setTime_StartOvertime"/>
  <testcase time="0" classname="basketball.stats.application.BasketballTimeTest" name="setTime_StartDoubleOvertime"/>
  <testcase time="0" classname="basketball.stats.application.BasketballTimeTest" name="setTime_FirstSecondIntoFirst"/>
  <testcase time="0" classname="basketball.stats.application.BasketballTimeTest" name="setTime_FirstSecondIntoThird"/>
  <testcase time="0.001" classname="basketball.stats.application.BasketballTimeTest" name="setTime_FirstMinuteIntoFirst"/>
  <testcase time="0" classname="basketball.stats.application.BasketballTimeTest" name="setTime_FirstMinuteIntoThird"/>
  <testcase time="0" classname="basketball.stats.application.BasketballTimeTest" name="setTime_LastMinuteInFirst"/>
  <testcase time="0" classname="basketball.stats.application.BasketballTimeTest" name="setTime_LastMinuteInSecond"/>
  <testcase time="0.001" classname="basketball.stats.application.BasketballTimeTest" name="setTime_LastMinuteInThird"/>
  <testcase time="0" classname="basketball.stats.application.BasketballTimeTest" name="setTime_LastMinuteInFourth"/>
  <testcase time="0" classname="basketball.stats.application.BasketballTimeTest" name="setTime_LastMinuteInOvertime"/>
  <testcase time="0" classname="basketball.stats.application.BasketballTimeTest" name="decrement_StartFirst"/>
  <testcase time="0" classname="basketball.stats.application.BasketballTimeTest" name="decrement_StartSecond"/>
  <testcase time="0" classname="basketball.stats.application.BasketballTimeTest" name="decrement_StartThird"/>
  <testcase time="0" classname="basketball.stats.application.BasketballTimeTest" name="decrement_StartFourth"/>
  <testcase time="0" classname="basketball.stats.application.BasketballTimeTest" name="decrement_StartOvertime"/>
  <testcase time="0" classname="basketball.stats.application.BasketballTimeTest" name="decrement_OneMinuteInFirst"/>
  <testcase time="0" classname="basketball.stats.application.BasketballTimeTest" name="decrement_OneMinuteInSecond"/>
  <testcase time="0" classname="basketball.stats.application.BasketballTimeTest" name="decrement_OneMinuteInThird"/>
  <testcase time="0" classname="basketball.stats.application.BasketballTimeTest" name="decrement_OneMinuteInFourth"/>
  <testcase time="0" classname="basketball.stats.application.BasketballTimeTest" name="decrement_OneSecondInFirst"/>
  <testcase time="0" classname="basketball.stats.application.BasketballTimeTest" name="decrement_OneSecondInSecond"/>
  <testcase time="0" classname="basketball.stats.application.BasketballTimeTest" name="decrement_OneSecondInThird"/>
  <testcase time="0" classname="basketball.stats.application.BasketballTimeTest" name="decrement_OneSecondInFourth"/>
</testsuite>